16:13:51 **** Incremental Build of configuration Debug for project MUC1 ****
make all 
Building file: ../main1.c
Invoking: AVR Compiler
avr-gcc -Wall -g2 -gstabs -O0 -fpack-struct -fshort-enums -ffunction-sections -fdata-sections -std=gnu99 -funsigned-char -funsigned-bitfields -mmcu=atmega16 -DF_CPU=1000000UL -MMD -MP -MF"main1.d" -MT"main1.o" -c -o "main1.o" "../main1.c"
In file included from ../micro_config.h:22,
                 from ../keypad.h:4,
                 from ../main1.c:13:
c:/winavr-20100110/lib/gcc/../../avr/include/util/delay.h:90:3: warning: #warning "Compiler optimizations disabled; functions from <util/delay.h> won't work as designed"
Finished building: ../main1.c
 
Building target: MUC1.elf
Invoking: AVR C Linker
avr-gcc -Wl,-Map,MUC1.map -mmcu=atmega16 -o "MUC1.elf"  ./keypad.o ./lcd.o ./main1.o ./password.o ./timer0.o ./uart.o   
Finished building target: MUC1.elf
 
Invoking: AVR Create Extended Listing
avr-objdump -h -S MUC1.elf  >"MUC1.lss"
Finished building: MUC1.lss
 
Invoking: Print Size
avr-size --format=avr --mcu=atmega16 MUC1.elf
AVR Memory Usage
----------------
Device: atmega16

Program:   16256 bytes (99.2% Full)
(.text + .data + .bootloader)

Data:        249 bytes (24.3% Full)
(.data + .bss + .noinit)


Finished building: sizedummy
 

16:13:52 Build Finished. 0 errors, 1 warnings. (took 952ms)

